<?xml version="1.0" encoding="UTF-8"?>
<!-- Generated by org.testng.reporters.JUnitReportReporter -->
<testsuite hostname="DESKTOP-OJULOH6" failures="0" tests="1" name="Organization.CompaignWithProductTest" time="27.233" errors="0" timestamp="2024-10-05T15:27:10 IST" skipped="0">
  <testcase classname="Organization.CompaignWithProductTest" name="compaignWithProduct" time="27.233"/>
  <system-out/>
</testsuite> <!-- Organization.CompaignWithProductTest -->
